<?xml version="1.0" encoding="UTF-8"?>
<!-- Generated by org.testng.reporters.JUnitXMLReporter -->
<testsuite ignored="0" hostname="DESKTOP-QFEPPMH" failures="0" tests="1" name="BankingAPP test" time="0.069" errors="0" timestamp="2021-12-28T14:11:08 IST">
  <testcase classname="test_cases.Base_Class" name="@BeforeClass setup" time="-1.640680868897E9">
    <failure type="org.testng.TestNGException" message="
Parameter &amp;apos;browser br&amp;apos; is required by BeforeClass on method setup but has not been marked @Optional or defined
in C:\Users\FALCON\eclipse-workspace\framework_auto\testNG.xml">
      <![CDATA[org.testng.TestNGException: 
Parameter 'browser br' is required by BeforeClass on method setup but has not been marked @Optional or defined
in C:\Users\FALCON\eclipse-workspace\framework_auto\testNG.xml
at java.base/java.util.ArrayList.forEach(ArrayList.java:1511)
... Removed 22 stack frames]]>
    </failure>
  </testcase> <!-- @BeforeClass setup -->
  <testcase classname="test_cases.Base_Class" name="@AfterClass tearDown" time="-1.640680868937E9">
    <skipped/>
  </testcase> <!-- @AfterClass tearDown -->
  <testcase classname="test_cases.TC_LoginTest001" name="loginTest" time="0.0">
    <skipped/>
  </testcase> <!-- loginTest -->
</testsuite> <!-- BankingAPP test -->
